	Command being timed: "R CMD BATCH ./test.R"
	User time (seconds): 443.02
	System time (seconds): 196.91
	Percent of CPU this job got: 311%
	Elapsed (wall clock) time (h:mm:ss or m:ss): 3:25.49
	Average shared text size (kbytes): 0
	Average unshared data size (kbytes): 0
	Average stack size (kbytes): 0
	Average total size (kbytes): 0
	Maximum resident set size (kbytes): 198616
	Average resident set size (kbytes): 0
	Major (requiring I/O) page faults: 4
	Minor (reclaiming a frame) page faults: 224380
	Voluntary context switches: 2624
	Involuntary context switches: 7615571
	Swaps: 0
	File system inputs: 13936
	File system outputs: 2176
	Socket messages sent: 0
	Socket messages received: 0
	Signals delivered: 0
	Page size (bytes): 4096
	Exit status: 0
