[NVBLAS] NVBLAS_CONFIG_FILE environment variable is set to '/home/geo047/EagleEverything/MyPackage/nvblas.conf'
% MAGMA 2.5.1 alpha1 compiled for CUDA capability >= 3.0, 64-bit magma_int_t, 64-bit pointer.
% CUDA runtime 9000, driver 10010. OpenMP threads 16. MKL 2017.0.2, MKL threads 16. 
% device 0: Tesla P100-SXM2-16GB, 1480.5 MHz clock, 16280.9 MiB memory, capability 6.0
% device 1: Tesla P100-SXM2-16GB, 1480.5 MHz clock, 16280.9 MiB memory, capability 6.0
% device 2: Tesla P100-SXM2-16GB, 1480.5 MHz clock, 16280.9 MiB memory, capability 6.0
% device 3: Tesla P100-SXM2-16GB, 1480.5 MHz clock, 16280.9 MiB memory, capability 6.0
% Wed Sep 25 15:01:29 2019
About to begin reading in the X matrix data ... 
Reading of X  matrix data complete.  
 First 5 rows and columns of the  X matrix 
[
 94224.0000 46724.0000 47048.0000 47008.0000 46836.0000
 46724.0000 93560.0000 47056.0000 46356.0000 46816.0000
 47048.0000 47056.0000 94252.0000 47120.0000 47244.0000
 47008.0000 46356.0000 47120.0000 93720.0000 47004.0000
 46836.0000 46816.0000 47244.0000 47004.0000 93704.0000
];
after  magma_dpotrf
[
 306.9593 46724.0000 47048.0000 47008.0000 46836.0000
 152.2156 265.3119 47056.0000 46356.0000 46816.0000
 153.2711  89.4258 250.5254 47120.0000 47244.0000
 153.1408  86.8622  63.3876 242.2909 47004.0000
 152.5805  88.9175  63.4917  49.0714 236.8073
];
after  magma_dpotri
[
 306.9593 46724.0000 47048.0000 47008.0000 46836.0000
 152.2156 265.3119 47056.0000 46356.0000 46816.0000
 153.2711  89.4258 250.5254 47120.0000 47244.0000
 153.1408  86.8622  63.3876 242.2909 47004.0000
 152.5805  88.9175  63.4917  49.0714 236.8073
];
 About to write inverse to binary file. 
