* installing *source* package ‘Eagle’ ...
** using staged installation
** libs
icpc -std=gnu++11 -Dx=CXX -I"/apps/R/4.0.2/lib64/R/include" -DNDEBUG  -I'/apps/R/4.0.2/lib64/R/library/RcppEigen/include' -I'/apps/R/4.0.2/lib64/R/library/Rcpp/include' -I/usr/local/include  -DEIGEN_USE_BLAS -fopenmp -fpic  -O3 -xHOST -fp-model precise -Dx=CXXFLAGS  -c CreateASCIInospace.cpp -o CreateASCIInospace.o
icpc -std=gnu++11 -Dx=CXX -I"/apps/R/4.0.2/lib64/R/include" -DNDEBUG  -I'/apps/R/4.0.2/lib64/R/library/RcppEigen/include' -I'/apps/R/4.0.2/lib64/R/library/Rcpp/include' -I/usr/local/include  -DEIGEN_USE_BLAS -fopenmp -fpic  -O3 -xHOST -fp-model precise -Dx=CXXFLAGS  -c CreateASCIInospace_PLINK.cpp -o CreateASCIInospace_PLINK.o
icpc -std=gnu++11 -Dx=CXX -I"/apps/R/4.0.2/lib64/R/include" -DNDEBUG  -I'/apps/R/4.0.2/lib64/R/library/RcppEigen/include' -I'/apps/R/4.0.2/lib64/R/library/Rcpp/include' -I/usr/local/include  -DEIGEN_USE_BLAS -fopenmp -fpic  -O3 -xHOST -fp-model precise -Dx=CXXFLAGS  -c CreateBIN.cpp -o CreateBIN.o
icpc -std=gnu++11 -Dx=CXX -I"/apps/R/4.0.2/lib64/R/include" -DNDEBUG  -I'/apps/R/4.0.2/lib64/R/library/RcppEigen/include' -I'/apps/R/4.0.2/lib64/R/library/Rcpp/include' -I/usr/local/include  -DEIGEN_USE_BLAS -fopenmp -fpic  -O3 -xHOST -fp-model precise -Dx=CXXFLAGS  -c CreateBIN_PLINK.cpp -o CreateBIN_PLINK.o
icpc -std=gnu++11 -Dx=CXX -I"/apps/R/4.0.2/lib64/R/include" -DNDEBUG  -I'/apps/R/4.0.2/lib64/R/library/RcppEigen/include' -I'/apps/R/4.0.2/lib64/R/library/Rcpp/include' -I/usr/local/include  -DEIGEN_USE_BLAS -fopenmp -fpic  -O3 -xHOST -fp-model precise -Dx=CXXFLAGS  -c RcppExports.cpp -o RcppExports.o
icpc -std=gnu++11 -Dx=CXX -I"/apps/R/4.0.2/lib64/R/include" -DNDEBUG  -I'/apps/R/4.0.2/lib64/R/library/RcppEigen/include' -I'/apps/R/4.0.2/lib64/R/library/Rcpp/include' -I/usr/local/include  -DEIGEN_USE_BLAS -fopenmp -fpic  -O3 -xHOST -fp-model precise -Dx=CXXFLAGS  -c ReadBlock.cpp -o ReadBlock.o
icpc -std=gnu++11 -Dx=CXX -I"/apps/R/4.0.2/lib64/R/include" -DNDEBUG  -I'/apps/R/4.0.2/lib64/R/library/RcppEigen/include' -I'/apps/R/4.0.2/lib64/R/library/Rcpp/include' -I/usr/local/include  -DEIGEN_USE_BLAS -fopenmp -fpic  -O3 -xHOST -fp-model precise -Dx=CXXFLAGS  -c ReadBlockBin.cpp -o ReadBlockBin.o
icpc -std=gnu++11 -Dx=CXX -I"/apps/R/4.0.2/lib64/R/include" -DNDEBUG  -I'/apps/R/4.0.2/lib64/R/library/RcppEigen/include' -I'/apps/R/4.0.2/lib64/R/library/Rcpp/include' -I/usr/local/include  -DEIGEN_USE_BLAS -fopenmp -fpic  -O3 -xHOST -fp-model precise -Dx=CXXFLAGS  -c ReshapeM_rcpp.cpp -o ReshapeM_rcpp.o
icpc -std=gnu++11 -Dx=CXX -I"/apps/R/4.0.2/lib64/R/include" -DNDEBUG  -I'/apps/R/4.0.2/lib64/R/library/RcppEigen/include' -I'/apps/R/4.0.2/lib64/R/library/Rcpp/include' -I/usr/local/include  -DEIGEN_USE_BLAS -fopenmp -fpic  -O3 -xHOST -fp-model precise -Dx=CXXFLAGS  -c calculateMMt_rcpp.cpp -o calculateMMt_rcpp.o
icpc -std=gnu++11 -Dx=CXX -I"/apps/R/4.0.2/lib64/R/include" -DNDEBUG  -I'/apps/R/4.0.2/lib64/R/library/RcppEigen/include' -I'/apps/R/4.0.2/lib64/R/library/Rcpp/include' -I/usr/local/include  -DEIGEN_USE_BLAS -fopenmp -fpic  -O3 -xHOST -fp-model precise -Dx=CXXFLAGS  -c calculate_a_and_vara_batch_rcpp.cpp -o calculate_a_and_vara_batch_rcpp.o
icpc -std=gnu++11 -Dx=CXX -I"/apps/R/4.0.2/lib64/R/include" -DNDEBUG  -I'/apps/R/4.0.2/lib64/R/library/RcppEigen/include' -I'/apps/R/4.0.2/lib64/R/library/Rcpp/include' -I/usr/local/include  -DEIGEN_USE_BLAS -fopenmp -fpic  -O3 -xHOST -fp-model precise -Dx=CXXFLAGS  -c calculate_a_and_vara_rcpp.cpp -o calculate_a_and_vara_rcpp.o
icpc -std=gnu++11 -Dx=CXX -I"/apps/R/4.0.2/lib64/R/include" -DNDEBUG  -I'/apps/R/4.0.2/lib64/R/library/RcppEigen/include' -I'/apps/R/4.0.2/lib64/R/library/Rcpp/include' -I/usr/local/include  -DEIGEN_USE_BLAS -fopenmp -fpic  -O3 -xHOST -fp-model precise -Dx=CXXFLAGS  -c calculate_reduced_a_rcpp.cpp -o calculate_reduced_a_rcpp.o
icpc -std=gnu++11 -Dx=CXX -I"/apps/R/4.0.2/lib64/R/include" -DNDEBUG  -I'/apps/R/4.0.2/lib64/R/library/RcppEigen/include' -I'/apps/R/4.0.2/lib64/R/library/Rcpp/include' -I/usr/local/include  -DEIGEN_USE_BLAS -fopenmp -fpic  -O3 -xHOST -fp-model precise -Dx=CXXFLAGS  -c createM_ASCII_rcpp.cpp -o createM_ASCII_rcpp.o
icpc -std=gnu++11 -Dx=CXX -I"/apps/R/4.0.2/lib64/R/include" -DNDEBUG  -I'/apps/R/4.0.2/lib64/R/library/RcppEigen/include' -I'/apps/R/4.0.2/lib64/R/library/Rcpp/include' -I/usr/local/include  -DEIGEN_USE_BLAS -fopenmp -fpic  -O3 -xHOST -fp-model precise -Dx=CXXFLAGS  -c createM_BIN_rcpp.cpp -o createM_BIN_rcpp.o
icpc -std=gnu++11 -Dx=CXX -I"/apps/R/4.0.2/lib64/R/include" -DNDEBUG  -I'/apps/R/4.0.2/lib64/R/library/RcppEigen/include' -I'/apps/R/4.0.2/lib64/R/library/Rcpp/include' -I/usr/local/include  -DEIGEN_USE_BLAS -fopenmp -fpic  -O3 -xHOST -fp-model precise -Dx=CXXFLAGS  -c createMt_ASCII_rcpp.cpp -o createMt_ASCII_rcpp.o
icpc -std=gnu++11 -Dx=CXX -I"/apps/R/4.0.2/lib64/R/include" -DNDEBUG  -I'/apps/R/4.0.2/lib64/R/library/RcppEigen/include' -I'/apps/R/4.0.2/lib64/R/library/Rcpp/include' -I/usr/local/include  -DEIGEN_USE_BLAS -fopenmp -fpic  -O3 -xHOST -fp-model precise -Dx=CXXFLAGS  -c createMt_BIN_rcpp.cpp -o createMt_BIN_rcpp.o
icpc -std=gnu++11 -Dx=CXX -I"/apps/R/4.0.2/lib64/R/include" -DNDEBUG  -I'/apps/R/4.0.2/lib64/R/library/RcppEigen/include' -I'/apps/R/4.0.2/lib64/R/library/Rcpp/include' -I/usr/local/include  -DEIGEN_USE_BLAS -fopenmp -fpic  -O3 -xHOST -fp-model precise -Dx=CXXFLAGS  -c create_vcf_BIN_rcpp.cpp -o create_vcf_BIN_rcpp.o
icpc -std=gnu++11 -Dx=CXX -I"/apps/R/4.0.2/lib64/R/include" -DNDEBUG  -I'/apps/R/4.0.2/lib64/R/library/RcppEigen/include' -I'/apps/R/4.0.2/lib64/R/library/Rcpp/include' -I/usr/local/include  -DEIGEN_USE_BLAS -fopenmp -fpic  -O3 -xHOST -fp-model precise -Dx=CXXFLAGS  -c extract_geno_Mt_rcpp.cpp -o extract_geno_Mt_rcpp.o
icpc -std=gnu++11 -Dx=CXX -I"/apps/R/4.0.2/lib64/R/include" -DNDEBUG  -I'/apps/R/4.0.2/lib64/R/library/RcppEigen/include' -I'/apps/R/4.0.2/lib64/R/library/Rcpp/include' -I/usr/local/include  -DEIGEN_USE_BLAS -fopenmp -fpic  -O3 -xHOST -fp-model precise -Dx=CXXFLAGS  -c extract_geno_rcpp.cpp -o extract_geno_rcpp.o
icpc -std=gnu++11 -Dx=CXX -I"/apps/R/4.0.2/lib64/R/include" -DNDEBUG  -I'/apps/R/4.0.2/lib64/R/library/RcppEigen/include' -I'/apps/R/4.0.2/lib64/R/library/Rcpp/include' -I/usr/local/include  -DEIGEN_USE_BLAS -fopenmp -fpic  -O3 -xHOST -fp-model precise -Dx=CXXFLAGS  -c fasttimer.cpp -o fasttimer.o
icpc -std=gnu++11 -Dx=CXX -I"/apps/R/4.0.2/lib64/R/include" -DNDEBUG  -I'/apps/R/4.0.2/lib64/R/library/RcppEigen/include' -I'/apps/R/4.0.2/lib64/R/library/Rcpp/include' -I/usr/local/include  -DEIGEN_USE_BLAS -fopenmp -fpic  -O3 -xHOST -fp-model precise -Dx=CXXFLAGS  -c getNumColumns.cpp -o getNumColumns.o
icpc -std=gnu++11 -Dx=CXX -I"/apps/R/4.0.2/lib64/R/include" -DNDEBUG  -I'/apps/R/4.0.2/lib64/R/library/RcppEigen/include' -I'/apps/R/4.0.2/lib64/R/library/Rcpp/include' -I/usr/local/include  -DEIGEN_USE_BLAS -fopenmp -fpic  -O3 -xHOST -fp-model precise -Dx=CXXFLAGS  -c getNumRows.cpp -o getNumRows.o
icpc -std=gnu++11 -Dx=CXX -I"/apps/R/4.0.2/lib64/R/include" -DNDEBUG  -I'/apps/R/4.0.2/lib64/R/library/RcppEigen/include' -I'/apps/R/4.0.2/lib64/R/library/Rcpp/include' -I/usr/local/include  -DEIGEN_USE_BLAS -fopenmp -fpic  -O3 -xHOST -fp-model precise -Dx=CXXFLAGS  -c getRowColumn.cpp -o getRowColumn.o
icpc -std=gnu++11 -Dx=CXX -I"/apps/R/4.0.2/lib64/R/include" -DNDEBUG  -I'/apps/R/4.0.2/lib64/R/library/RcppEigen/include' -I'/apps/R/4.0.2/lib64/R/library/Rcpp/include' -I/usr/local/include  -DEIGEN_USE_BLAS -fopenmp -fpic  -O3 -xHOST -fp-model precise -Dx=CXXFLAGS  -c removeColumn.cpp -o removeColumn.o
icpc -std=gnu++11 -Dx=CXX -I"/apps/R/4.0.2/lib64/R/include" -DNDEBUG  -I'/apps/R/4.0.2/lib64/R/library/RcppEigen/include' -I'/apps/R/4.0.2/lib64/R/library/Rcpp/include' -I/usr/local/include  -DEIGEN_USE_BLAS -fopenmp -fpic  -O3 -xHOST -fp-model precise -Dx=CXXFLAGS  -c removeRow.cpp -o removeRow.o
icpc -std=gnu++11 -Dx=CXX -shared -L/apps/R/4.0.2/lib64/R/lib -Wl,--disable-new-dtags -Wl,-rpath,/apps/intel/fc/16.0.4.258/compiler/lib/intel64 -o Eagle.so CreateASCIInospace.o CreateASCIInospace_PLINK.o CreateBIN.o CreateBIN_PLINK.o RcppExports.o ReadBlock.o ReadBlockBin.o ReshapeM_rcpp.o calculateMMt_rcpp.o calculate_a_and_vara_batch_rcpp.o calculate_a_and_vara_rcpp.o calculate_reduced_a_rcpp.o createM_ASCII_rcpp.o createM_BIN_rcpp.o createMt_ASCII_rcpp.o createMt_BIN_rcpp.o create_vcf_BIN_rcpp.o extract_geno_Mt_rcpp.o extract_geno_rcpp.o fasttimer.o getNumColumns.o getNumRows.o getRowColumn.o removeColumn.o removeRow.o -L/apps/R/4.0.2/lib64/R/lib -lRlapack -L/apps/R/4.0.2/lib64/R/lib -lRblas -lifport -lifcore -limf -lsvml -lm -lipgo -lirc -lpthread -lirc_s -ldl -fopenmp -L/apps/R/4.0.2/lib64/R/lib -lR
installing to /home/geo047/EagleEverything/MyPackage/Eagle.Rcheck/00LOCK-Eagle/00new/Eagle/libs
** R
** inst
** byte-compile and prepare package for lazy loading
** help
*** installing help indices
** building package indices
** testing if installed package can be loaded from temporary location
** checking absolute paths in shared objects and dynamic libraries
** testing if installed package can be loaded from final location
** testing if installed package keeps a record of temporary installation path
* DONE (Eagle)
