Hmm ... looks like a package

This is pdfTeX, Version 3.141592653-2.6-1.40.22 (TeX Live 2021) (preloaded format=pdflatex)
 restricted \write18 enabled.
entering extended mode
LaTeX2e <2020-10-01> patch level 4
L3 programming layer <2021-02-18>
(./Rd2.tex
(/usr/local/texlive/2021/texmf-dist/tex/latex/base/book.cls
Document Class: book 2020/04/10 v1.4m Standard LaTeX document class
(/usr/local/texlive/2021/texmf-dist/tex/latex/base/bk10.clo))
(/Library/Frameworks/R.framework/Resources/share/texmf/tex/latex/Rd.sty
(/usr/local/texlive/2021/texmf-dist/tex/latex/base/ifthen.sty)
(/usr/local/texlive/2021/texmf-dist/tex/latex/tools/longtable.sty)
(/usr/local/texlive/2021/texmf-dist/tex/latex/tools/bm.sty)
(/usr/local/texlive/2021/texmf-dist/tex/latex/base/alltt.sty)
(/usr/local/texlive/2021/texmf-dist/tex/latex/tools/verbatim.sty)
(/usr/local/texlive/2021/texmf-dist/tex/latex/url/url.sty)
(/usr/local/texlive/2021/texmf-dist/tex/latex/base/textcomp.sty)
(/usr/local/texlive/2021/texmf-dist/tex/latex/base/fontenc.sty)
(/usr/local/texlive/2021/texmf-dist/tex/latex/psnfss/times.sty)
(/usr/local/texlive/2021/texmf-dist/tex/latex/inconsolata/zi4.sty
`inconsolata-zi4' v1.12, 2019/05/17 Text macros for Inconsolata (msharpe)
(/usr/local/texlive/2021/texmf-dist/tex/latex/xkeyval/xkeyval.sty
(/usr/local/texlive/2021/texmf-dist/tex/generic/xkeyval/xkeyval.tex
(/usr/local/texlive/2021/texmf-dist/tex/generic/xkeyval/xkvutils.tex
(/usr/local/texlive/2021/texmf-dist/tex/generic/xkeyval/keyval.tex)))))
(/usr/local/texlive/2021/texmf-dist/tex/latex/graphics/color.sty
(/usr/local/texlive/2021/texmf-dist/tex/latex/graphics-cfg/color.cfg)
(/usr/local/texlive/2021/texmf-dist/tex/latex/graphics-def/pdftex.def))
(/usr/local/texlive/2021/texmf-dist/tex/latex/hyperref/hyperref.sty
(/usr/local/texlive/2021/texmf-dist/tex/generic/ltxcmds/ltxcmds.sty)
(/usr/local/texlive/2021/texmf-dist/tex/generic/iftex/iftex.sty)
(/usr/local/texlive/2021/texmf-dist/tex/generic/pdftexcmds/pdftexcmds.sty
(/usr/local/texlive/2021/texmf-dist/tex/generic/infwarerr/infwarerr.sty))
(/usr/local/texlive/2021/texmf-dist/tex/generic/kvsetkeys/kvsetkeys.sty)
(/usr/local/texlive/2021/texmf-dist/tex/generic/kvdefinekeys/kvdefinekeys.sty)
(/usr/local/texlive/2021/texmf-dist/tex/generic/pdfescape/pdfescape.sty)
(/usr/local/texlive/2021/texmf-dist/tex/latex/hycolor/hycolor.sty)
(/usr/local/texlive/2021/texmf-dist/tex/latex/letltxmacro/letltxmacro.sty)
(/usr/local/texlive/2021/texmf-dist/tex/latex/auxhook/auxhook.sty)
(/usr/local/texlive/2021/texmf-dist/tex/latex/kvoptions/kvoptions.sty)
(/usr/local/texlive/2021/texmf-dist/tex/latex/hyperref/pd1enc.def)
(/usr/local/texlive/2021/texmf-dist/tex/latex/hyperref/hyperref-langpatches.def
) (/usr/local/texlive/2021/texmf-dist/tex/generic/intcalc/intcalc.sty)
(/usr/local/texlive/2021/texmf-dist/tex/generic/etexcmds/etexcmds.sty)
(/usr/local/texlive/2021/texmf-dist/tex/latex/hyperref/puenc.def)
(/usr/local/texlive/2021/texmf-dist/tex/generic/bitset/bitset.sty
(/usr/local/texlive/2021/texmf-dist/tex/generic/bigintcalc/bigintcalc.sty))
(/usr/local/texlive/2021/texmf-dist/tex/latex/base/atbegshi-ltx.sty))
(/usr/local/texlive/2021/texmf-dist/tex/latex/hyperref/hpdftex.def
(/usr/local/texlive/2021/texmf-dist/tex/latex/base/atveryend-ltx.sty)
(/usr/local/texlive/2021/texmf-dist/tex/latex/rerunfilecheck/rerunfilecheck.sty

(/usr/local/texlive/2021/texmf-dist/tex/generic/uniquecounter/uniquecounter.sty
)))

Package hyperref Warning: Option `hyperindex' has already been used,
(hyperref)                setting the option has no effect on input line 377.


Package hyperref Warning: Option `pagebackref' has already been used,
(hyperref)                setting the option has no effect on input line 377.

) (/usr/local/texlive/2021/texmf-dist/tex/latex/base/makeidx.sty)
(/usr/local/texlive/2021/texmf-dist/tex/latex/base/inputenc.sty
(/usr/local/texlive/2021/texmf-dist/tex/latex/base/latin1.def))
Writing index file Rd2.idx
(/usr/local/texlive/2021/texmf-dist/tex/latex/psnfss/t1ptm.fd)
(/usr/local/texlive/2021/texmf-dist/tex/latex/l3backend/l3backend-pdftex.def)
No file Rd2.aux.
(/usr/local/texlive/2021/texmf-dist/tex/context/base/mkii/supp-pdf.mkii
[Loading MPS to PDF converter (version 2006.09.02).]
) (/usr/local/texlive/2021/texmf-dist/tex/latex/hyperref/nameref.sty
(/usr/local/texlive/2021/texmf-dist/tex/latex/refcount/refcount.sty)
(/usr/local/texlive/2021/texmf-dist/tex/generic/gettitlestring/gettitlestring.s
ty)) (/usr/local/texlive/2021/texmf-dist/tex/latex/inconsolata/t1zi4.fd)
(/usr/local/texlive/2021/texmf-dist/tex/latex/psnfss/ts1ptm.fd)
(/usr/local/texlive/2021/texmf-dist/tex/latex/psnfss/t1phv.fd)
(/usr/local/texlive/2021/texmf-dist/tex/latex/base/utf8.def) [1{/usr/local/texl
ive/2021/texmf-var/fonts/map/pdftex/updmap/pdftex.map}] [2] [3]
(/usr/local/texlive/2021/texmf-dist/tex/latex/inconsolata/ts1zi4.fd)
Overfull \hbox (45.30757pt too wide) in paragraph at lines 213--213
 []  \T1/zi4/m/n/10 geno_obj <-  ReadMarker(filename=\TS1/zi4/m/n/10 '\T1/zi4/m
/n/10 geno.txt\TS1/zi4/m/n/10 '\T1/zi4/m/n/10 , AA=0, AB=1, BB=2, type="text", 
missing=\TS1/zi4/m/n/10 '\T1/zi4/m/n/10 X\TS1/zi4/m/n/10 '\T1/zi4/m/n/10 )[] 

Overfull \hbox (121.94698pt too wide) in paragraph at lines 217--217
 [] \T1/zi4/m/n/10 # since lambda is not specified, this will run AM conservati
vely (where the false positive rate is lowest).[] 
[4]
Overfull \hbox (15.3178pt too wide) in paragraph at lines 252--252
 []  \T1/zi4/m/n/10 geno_obj <-  ReadMarker(filename=\TS1/zi4/m/n/10 '\T1/zi4/m
/n/10 /my/dir/geno.ped\TS1/zi4/m/n/10 '\T1/zi4/m/n/10 , type=\TS1/zi4/m/n/10 '\
T1/zi4/m/n/10 PLINK\TS1/zi4/m/n/10 '\T1/zi4/m/n/10 , availmemGb=32)[] 

Overfull \hbox (40.28712pt too wide) in paragraph at lines 258--258
 []  \T1/zi4/m/n/10 # FPR4AM calculates the lambda value corresponding to a des
ired false positive rate of 5%[] 

Overfull \hbox (80.29735pt too wide) in paragraph at lines 259--259
 []  \T1/zi4/m/n/10 ans <- FPR4AM(falseposrate=0.05, numreps=200, trait=\TS1/zi
4/m/n/10 '\T1/zi4/m/n/10 y2\TS1/zi4/m/n/10 '\T1/zi4/m/n/10 , fformula=c(\TS1/zi
4/m/n/10 '\T1/zi4/m/n/10 cov1 + cov2 + pc1 + pc2\TS1/zi4/m/n/10 '\T1/zi4/m/n/10
 ),[] 
[5]
Overfull \hbox (15.3178pt too wide) in paragraph at lines 301--301
 []  \T1/zi4/m/n/10 geno_obj <-  ReadMarker(filename=\TS1/zi4/m/n/10 '\T1/zi4/m
/n/10 /my/dir/geno.ped\TS1/zi4/m/n/10 '\T1/zi4/m/n/10 , type=\TS1/zi4/m/n/10 '\
T1/zi4/m/n/10 PLINK\TS1/zi4/m/n/10 '\T1/zi4/m/n/10 , availmemGb=32)[] 
[6]
Overfull \hbox (3.72261pt too wide) in paragraph at lines 384--384
 []  \T1/zi4/m/n/9 # Since the following code takes longer than 5 seconds to ru
n, it has been tagged as dontrun.[] 

Overfull \hbox (2.21954pt too wide) in paragraph at lines 404--404
 []  \T1/zi4/m/n/9 # and setting the available memory on the machine for the re
ading of the data to 8  gigabytes[] 

Overfull \hbox (30.77782pt too wide) in paragraph at lines 422--422
 [] \T1/zi4/m/n/9 #~~~~~~~~~~~~~~~~~~~~~~~~~~~~~~~~~~~~~~~~~~~~~~~~~~~~~~~~~~~~
~~~~~~~~~~~~~~~~~~~~~~~~~~~~~~~~~[] 
[7] [8]
Overfull \hbox (3.72261pt too wide) in paragraph at lines 526--526
 []  \T1/zi4/m/n/9 # Since the following code takes longer than 5 seconds to ru
n, it has been tagged as dontrun.[] 

Overfull \hbox (2.21954pt too wide) in paragraph at lines 546--546
 []  \T1/zi4/m/n/9 # and setting the available memory on the machine for the re
ading of the data to 8  gigabytes[] 
[9]
Overfull \hbox (30.77782pt too wide) in paragraph at lines 562--562
 [] \T1/zi4/m/n/9 #~~~~~~~~~~~~~~~~~~~~~~~~~~~~~~~~~~~~~~~~~~~~~~~~~~~~~~~~~~~~
~~~~~~~~~~~~~~~~~~~~~~~~~~~~~~~~~[] 
[10] [11]
Overfull \hbox (3.72261pt too wide) in paragraph at lines 681--681
 []  \T1/zi4/m/n/9 # Since the following code takes longer than 5 seconds to ru
n, it has been tagged as dontrun.[] 
[12] [13] [14] [15]
Overfull \hbox (70.3178pt too wide) in paragraph at lines 903--903
 []\T1/zi4/m/n/10 geno_obj <- ReadMarker(filename=\TS1/zi4/m/n/10 '\T1/zi4/m/n/
10 /my/dir/geno.txt\TS1/zi4/m/n/10 '\T1/zi4/m/n/10 , AA=0, AB=1, BB=2, type=\TS
1/zi4/m/n/10 '\T1/zi4/m/n/10 text\TS1/zi4/m/n/10 '\T1/zi4/m/n/10 , missing=99) 

[16]
Overfull \hbox (9.75328pt too wide) in paragraph at lines 1022--1022
 []  \T1/zi4/m/n/9 geno_obj <- ReadMarker(filename=complete.name, type=\TS1/zi4
/m/n/9 '\T1/zi4/m/n/9 text\TS1/zi4/m/n/9 '\T1/zi4/m/n/9 , AA=0, AB=1, BB=2, ava
ilmemGb=4)[] 
[17] [18] [19] [20]
Overfull \hbox (3.72261pt too wide) in paragraph at lines 1278--1278
 []  \T1/zi4/m/n/9 # Since the following code takes longer than 5 seconds to ru
n, it has been tagged as dontrun.[] 
[21]
Underfull \vbox (badness 10000) has occurred while \output is active [22]
No file Rd2.ind.
[23]
(/private/var/folders/cq/fk3c47nj197_jj9rbjhw1b7m0000gp/T/RtmpbcFRgJ/Rd2pdf6459
7120533d/Rd2.aux)

Package rerunfilecheck Warning: File `Rd2.out' has changed.
(rerunfilecheck)                Rerun to get outlines right
(rerunfilecheck)                or use package `bookmark'.

 )
(see the transcript file for additional information)pdfTeX warning (dest): name
{Rfn.read.table} has been referenced but does not exist, replaced by a fixed on
e

{/usr/local/texlive/2021/texmf-dist/fonts/enc/dvips/inconsolata/i4-ts1.enc}{/us
r/local/texlive/2021/texmf-dist/fonts/enc/dvips/base/8r.enc}{/usr/local/texlive
/2021/texmf-dist/fonts/enc/dvips/inconsolata/i4-t1-0.enc}</usr/local/texlive/20
21/texmf-dist/fonts/type1/public/inconsolata/Inconsolata-zi4r.pfb></usr/local/t
exlive/2021/texmf-dist/fonts/type1/public/amsfonts/cm/cmmi10.pfb></usr/local/te
xlive/2021/texmf-dist/fonts/type1/public/amsfonts/cm/cmmi7.pfb></usr/local/texl
ive/2021/texmf-dist/fonts/type1/public/amsfonts/cm/cmr10.pfb></usr/local/texliv
e/2021/texmf-dist/fonts/type1/urw/helvetic/uhvr8a.pfb></usr/local/texlive/2021/
texmf-dist/fonts/type1/urw/times/utmb8a.pfb></usr/local/texlive/2021/texmf-dist
/fonts/type1/urw/times/utmr8a.pfb></usr/local/texlive/2021/texmf-dist/fonts/typ
e1/urw/times/utmr8a.pfb></usr/local/texlive/2021/texmf-dist/fonts/type1/urw/tim
es/utmri8a.pfb>
Output written on Rd2.pdf (23 pages, 157883 bytes).
Transcript written on Rd2.log.
This is pdfTeX, Version 3.141592653-2.6-1.40.22 (TeX Live 2021) (preloaded format=pdflatex)
 restricted \write18 enabled.
entering extended mode
LaTeX2e <2020-10-01> patch level 4
L3 programming layer <2021-02-18>
(./Rd2.tex
(/usr/local/texlive/2021/texmf-dist/tex/latex/base/book.cls
Document Class: book 2020/04/10 v1.4m Standard LaTeX document class
(/usr/local/texlive/2021/texmf-dist/tex/latex/base/bk10.clo))
(/Library/Frameworks/R.framework/Resources/share/texmf/tex/latex/Rd.sty
(/usr/local/texlive/2021/texmf-dist/tex/latex/base/ifthen.sty)
(/usr/local/texlive/2021/texmf-dist/tex/latex/tools/longtable.sty)
(/usr/local/texlive/2021/texmf-dist/tex/latex/tools/bm.sty)
(/usr/local/texlive/2021/texmf-dist/tex/latex/base/alltt.sty)
(/usr/local/texlive/2021/texmf-dist/tex/latex/tools/verbatim.sty)
(/usr/local/texlive/2021/texmf-dist/tex/latex/url/url.sty)
(/usr/local/texlive/2021/texmf-dist/tex/latex/base/textcomp.sty)
(/usr/local/texlive/2021/texmf-dist/tex/latex/base/fontenc.sty)
(/usr/local/texlive/2021/texmf-dist/tex/latex/psnfss/times.sty)
(/usr/local/texlive/2021/texmf-dist/tex/latex/inconsolata/zi4.sty
`inconsolata-zi4' v1.12, 2019/05/17 Text macros for Inconsolata (msharpe)
(/usr/local/texlive/2021/texmf-dist/tex/latex/xkeyval/xkeyval.sty
(/usr/local/texlive/2021/texmf-dist/tex/generic/xkeyval/xkeyval.tex
(/usr/local/texlive/2021/texmf-dist/tex/generic/xkeyval/xkvutils.tex
(/usr/local/texlive/2021/texmf-dist/tex/generic/xkeyval/keyval.tex)))))
(/usr/local/texlive/2021/texmf-dist/tex/latex/graphics/color.sty
(/usr/local/texlive/2021/texmf-dist/tex/latex/graphics-cfg/color.cfg)
(/usr/local/texlive/2021/texmf-dist/tex/latex/graphics-def/pdftex.def))
(/usr/local/texlive/2021/texmf-dist/tex/latex/hyperref/hyperref.sty
(/usr/local/texlive/2021/texmf-dist/tex/generic/ltxcmds/ltxcmds.sty)
(/usr/local/texlive/2021/texmf-dist/tex/generic/iftex/iftex.sty)
(/usr/local/texlive/2021/texmf-dist/tex/generic/pdftexcmds/pdftexcmds.sty
(/usr/local/texlive/2021/texmf-dist/tex/generic/infwarerr/infwarerr.sty))
(/usr/local/texlive/2021/texmf-dist/tex/generic/kvsetkeys/kvsetkeys.sty)
(/usr/local/texlive/2021/texmf-dist/tex/generic/kvdefinekeys/kvdefinekeys.sty)
(/usr/local/texlive/2021/texmf-dist/tex/generic/pdfescape/pdfescape.sty)
(/usr/local/texlive/2021/texmf-dist/tex/latex/hycolor/hycolor.sty)
(/usr/local/texlive/2021/texmf-dist/tex/latex/letltxmacro/letltxmacro.sty)
(/usr/local/texlive/2021/texmf-dist/tex/latex/auxhook/auxhook.sty)
(/usr/local/texlive/2021/texmf-dist/tex/latex/kvoptions/kvoptions.sty)
(/usr/local/texlive/2021/texmf-dist/tex/latex/hyperref/pd1enc.def)
(/usr/local/texlive/2021/texmf-dist/tex/latex/hyperref/hyperref-langpatches.def
) (/usr/local/texlive/2021/texmf-dist/tex/generic/intcalc/intcalc.sty)
(/usr/local/texlive/2021/texmf-dist/tex/generic/etexcmds/etexcmds.sty)
(/usr/local/texlive/2021/texmf-dist/tex/latex/hyperref/puenc.def)
(/usr/local/texlive/2021/texmf-dist/tex/generic/bitset/bitset.sty
(/usr/local/texlive/2021/texmf-dist/tex/generic/bigintcalc/bigintcalc.sty))
(/usr/local/texlive/2021/texmf-dist/tex/latex/base/atbegshi-ltx.sty))
(/usr/local/texlive/2021/texmf-dist/tex/latex/hyperref/hpdftex.def
(/usr/local/texlive/2021/texmf-dist/tex/latex/base/atveryend-ltx.sty)
(/usr/local/texlive/2021/texmf-dist/tex/latex/rerunfilecheck/rerunfilecheck.sty

(/usr/local/texlive/2021/texmf-dist/tex/generic/uniquecounter/uniquecounter.sty
)))

Package hyperref Warning: Option `hyperindex' has already been used,
(hyperref)                setting the option has no effect on input line 377.


Package hyperref Warning: Option `pagebackref' has already been used,
(hyperref)                setting the option has no effect on input line 377.

) (/usr/local/texlive/2021/texmf-dist/tex/latex/base/makeidx.sty)
(/usr/local/texlive/2021/texmf-dist/tex/latex/base/inputenc.sty
(/usr/local/texlive/2021/texmf-dist/tex/latex/base/latin1.def))
Writing index file Rd2.idx
(/usr/local/texlive/2021/texmf-dist/tex/latex/psnfss/t1ptm.fd)
(/usr/local/texlive/2021/texmf-dist/tex/latex/l3backend/l3backend-pdftex.def)
(/private/var/folders/cq/fk3c47nj197_jj9rbjhw1b7m0000gp/T/RtmpbcFRgJ/Rd2pdf6459
7120533d/Rd2.aux)
(/usr/local/texlive/2021/texmf-dist/tex/context/base/mkii/supp-pdf.mkii
[Loading MPS to PDF converter (version 2006.09.02).]
) (/usr/local/texlive/2021/texmf-dist/tex/latex/hyperref/nameref.sty
(/usr/local/texlive/2021/texmf-dist/tex/latex/refcount/refcount.sty)
(/usr/local/texlive/2021/texmf-dist/tex/generic/gettitlestring/gettitlestring.s
ty))
(/private/var/folders/cq/fk3c47nj197_jj9rbjhw1b7m0000gp/T/RtmpbcFRgJ/Rd2pdf6459
7120533d/Rd2.out)
(/private/var/folders/cq/fk3c47nj197_jj9rbjhw1b7m0000gp/T/RtmpbcFRgJ/Rd2pdf6459
7120533d/Rd2.out)
(/usr/local/texlive/2021/texmf-dist/tex/latex/inconsolata/t1zi4.fd)
(/usr/local/texlive/2021/texmf-dist/tex/latex/psnfss/ts1ptm.fd)
(/usr/local/texlive/2021/texmf-dist/tex/latex/psnfss/t1phv.fd)
(/private/var/folders/cq/fk3c47nj197_jj9rbjhw1b7m0000gp/T/RtmpbcFRgJ/Rd2pdf6459
7120533d/Rd2.toc [1{/usr/local/texlive/2021/texmf-var/fonts/map/pdftex/updmap/p
dftex.map}]) (/usr/local/texlive/2021/texmf-dist/tex/latex/base/utf8.def)
[2] [3] [4] (/usr/local/texlive/2021/texmf-dist/tex/latex/inconsolata/ts1zi4.fd
)
Overfull \hbox (45.30757pt too wide) in paragraph at lines 213--213
 []  \T1/zi4/m/n/10 geno_obj <-  ReadMarker(filename=\TS1/zi4/m/n/10 '\T1/zi4/m
/n/10 geno.txt\TS1/zi4/m/n/10 '\T1/zi4/m/n/10 , AA=0, AB=1, BB=2, type="text", 
missing=\TS1/zi4/m/n/10 '\T1/zi4/m/n/10 X\TS1/zi4/m/n/10 '\T1/zi4/m/n/10 )[] 

Overfull \hbox (121.94698pt too wide) in paragraph at lines 217--217
 [] \T1/zi4/m/n/10 # since lambda is not specified, this will run AM conservati
vely (where the false positive rate is lowest).[] 

Overfull \hbox (15.3178pt too wide) in paragraph at lines 252--252
 []  \T1/zi4/m/n/10 geno_obj <-  ReadMarker(filename=\TS1/zi4/m/n/10 '\T1/zi4/m
/n/10 /my/dir/geno.ped\TS1/zi4/m/n/10 '\T1/zi4/m/n/10 , type=\TS1/zi4/m/n/10 '\
T1/zi4/m/n/10 PLINK\TS1/zi4/m/n/10 '\T1/zi4/m/n/10 , availmemGb=32)[] 

Overfull \hbox (40.28712pt too wide) in paragraph at lines 258--258
 []  \T1/zi4/m/n/10 # FPR4AM calculates the lambda value corresponding to a des
ired false positive rate of 5%[] 

Overfull \hbox (80.29735pt too wide) in paragraph at lines 259--259
 []  \T1/zi4/m/n/10 ans <- FPR4AM(falseposrate=0.05, numreps=200, trait=\TS1/zi
4/m/n/10 '\T1/zi4/m/n/10 y2\TS1/zi4/m/n/10 '\T1/zi4/m/n/10 , fformula=c(\TS1/zi
4/m/n/10 '\T1/zi4/m/n/10 cov1 + cov2 + pc1 + pc2\TS1/zi4/m/n/10 '\T1/zi4/m/n/10
 ),[] 
[5]
Overfull \hbox (15.3178pt too wide) in paragraph at lines 301--301
 []  \T1/zi4/m/n/10 geno_obj <-  ReadMarker(filename=\TS1/zi4/m/n/10 '\T1/zi4/m
/n/10 /my/dir/geno.ped\TS1/zi4/m/n/10 '\T1/zi4/m/n/10 , type=\TS1/zi4/m/n/10 '\
T1/zi4/m/n/10 PLINK\TS1/zi4/m/n/10 '\T1/zi4/m/n/10 , availmemGb=32)[] 
[6]
Overfull \hbox (3.72261pt too wide) in paragraph at lines 384--384
 []  \T1/zi4/m/n/9 # Since the following code takes longer than 5 seconds to ru
n, it has been tagged as dontrun.[] 

Overfull \hbox (2.21954pt too wide) in paragraph at lines 404--404
 []  \T1/zi4/m/n/9 # and setting the available memory on the machine for the re
ading of the data to 8  gigabytes[] 
[7]
Overfull \hbox (30.77782pt too wide) in paragraph at lines 422--422
 [] \T1/zi4/m/n/9 #~~~~~~~~~~~~~~~~~~~~~~~~~~~~~~~~~~~~~~~~~~~~~~~~~~~~~~~~~~~~
~~~~~~~~~~~~~~~~~~~~~~~~~~~~~~~~~[] 
[8]
Overfull \hbox (3.72261pt too wide) in paragraph at lines 526--526
 []  \T1/zi4/m/n/9 # Since the following code takes longer than 5 seconds to ru
n, it has been tagged as dontrun.[] 
[9]
Overfull \hbox (2.21954pt too wide) in paragraph at lines 546--546
 []  \T1/zi4/m/n/9 # and setting the available memory on the machine for the re
ading of the data to 8  gigabytes[] 

Overfull \hbox (30.77782pt too wide) in paragraph at lines 562--562
 [] \T1/zi4/m/n/9 #~~~~~~~~~~~~~~~~~~~~~~~~~~~~~~~~~~~~~~~~~~~~~~~~~~~~~~~~~~~~
~~~~~~~~~~~~~~~~~~~~~~~~~~~~~~~~~[] 

Underfull \vbox (badness 10000) has occurred while \output is active [10]
[11]
Overfull \hbox (3.72261pt too wide) in paragraph at lines 681--681
 []  \T1/zi4/m/n/9 # Since the following code takes longer than 5 seconds to ru
n, it has been tagged as dontrun.[] 
[12] [13] [14] [15]
Overfull \hbox (70.3178pt too wide) in paragraph at lines 903--903
 []\T1/zi4/m/n/10 geno_obj <- ReadMarker(filename=\TS1/zi4/m/n/10 '\T1/zi4/m/n/
10 /my/dir/geno.txt\TS1/zi4/m/n/10 '\T1/zi4/m/n/10 , AA=0, AB=1, BB=2, type=\TS
1/zi4/m/n/10 '\T1/zi4/m/n/10 text\TS1/zi4/m/n/10 '\T1/zi4/m/n/10 , missing=99) 


Underfull \vbox (badness 10000) has occurred while \output is active [16]
Overfull \hbox (9.75328pt too wide) in paragraph at lines 1022--1022
 []  \T1/zi4/m/n/9 geno_obj <- ReadMarker(filename=complete.name, type=\TS1/zi4
/m/n/9 '\T1/zi4/m/n/9 text\TS1/zi4/m/n/9 '\T1/zi4/m/n/9 , AA=0, AB=1, BB=2, ava
ilmemGb=4)[] 
[17] [18] [19] [20] [21]
Overfull \hbox (3.72261pt too wide) in paragraph at lines 1278--1278
 []  \T1/zi4/m/n/9 # Since the following code takes longer than 5 seconds to ru
n, it has been tagged as dontrun.[] 
[22]
No file Rd2.ind.
[23]
(/private/var/folders/cq/fk3c47nj197_jj9rbjhw1b7m0000gp/T/RtmpbcFRgJ/Rd2pdf6459
7120533d/Rd2.aux) )
(see the transcript file for additional information)pdfTeX warning (dest): name
{Rfn.read.table} has been referenced but does not exist, replaced by a fixed on
e

{/usr/local/texlive/2021/texmf-dist/fonts/enc/dvips/inconsolata/i4-ts1.enc}{/us
r/local/texlive/2021/texmf-dist/fonts/enc/dvips/base/8r.enc}{/usr/local/texlive
/2021/texmf-dist/fonts/enc/dvips/inconsolata/i4-t1-0.enc}</usr/local/texlive/20
21/texmf-dist/fonts/type1/public/inconsolata/Inconsolata-zi4r.pfb></usr/local/t
exlive/2021/texmf-dist/fonts/type1/public/amsfonts/cm/cmmi10.pfb></usr/local/te
xlive/2021/texmf-dist/fonts/type1/public/amsfonts/cm/cmmi7.pfb></usr/local/texl
ive/2021/texmf-dist/fonts/type1/public/amsfonts/cm/cmr10.pfb></usr/local/texliv
e/2021/texmf-dist/fonts/type1/urw/helvetic/uhvr8a.pfb></usr/local/texlive/2021/
texmf-dist/fonts/type1/urw/times/utmb8a.pfb></usr/local/texlive/2021/texmf-dist
/fonts/type1/urw/times/utmr8a.pfb></usr/local/texlive/2021/texmf-dist/fonts/typ
e1/urw/times/utmr8a.pfb></usr/local/texlive/2021/texmf-dist/fonts/type1/urw/tim
es/utmri8a.pfb>
Output written on Rd2.pdf (23 pages, 159453 bytes).
Transcript written on Rd2.log.
This is makeindex, version 2.15 [TeX Live 2021] (kpathsea + Thai support).
Scanning input file Rd2.idx....done (58 entries accepted, 0 rejected).
Sorting entries....done (354 comparisons).
Generating output file Rd2.ind....done (59 lines written, 2 warnings).
Output written in Rd2.ind.
Transcript written in Rd2.ilg.
This is pdfTeX, Version 3.141592653-2.6-1.40.22 (TeX Live 2021) (preloaded format=pdflatex)
 restricted \write18 enabled.
entering extended mode
LaTeX2e <2020-10-01> patch level 4
L3 programming layer <2021-02-18>
(./Rd2.tex
(/usr/local/texlive/2021/texmf-dist/tex/latex/base/book.cls
Document Class: book 2020/04/10 v1.4m Standard LaTeX document class
(/usr/local/texlive/2021/texmf-dist/tex/latex/base/bk10.clo))
(/Library/Frameworks/R.framework/Resources/share/texmf/tex/latex/Rd.sty
(/usr/local/texlive/2021/texmf-dist/tex/latex/base/ifthen.sty)
(/usr/local/texlive/2021/texmf-dist/tex/latex/tools/longtable.sty)
(/usr/local/texlive/2021/texmf-dist/tex/latex/tools/bm.sty)
(/usr/local/texlive/2021/texmf-dist/tex/latex/base/alltt.sty)
(/usr/local/texlive/2021/texmf-dist/tex/latex/tools/verbatim.sty)
(/usr/local/texlive/2021/texmf-dist/tex/latex/url/url.sty)
(/usr/local/texlive/2021/texmf-dist/tex/latex/base/textcomp.sty)
(/usr/local/texlive/2021/texmf-dist/tex/latex/base/fontenc.sty)
(/usr/local/texlive/2021/texmf-dist/tex/latex/psnfss/times.sty)
(/usr/local/texlive/2021/texmf-dist/tex/latex/inconsolata/zi4.sty
`inconsolata-zi4' v1.12, 2019/05/17 Text macros for Inconsolata (msharpe)
(/usr/local/texlive/2021/texmf-dist/tex/latex/xkeyval/xkeyval.sty
(/usr/local/texlive/2021/texmf-dist/tex/generic/xkeyval/xkeyval.tex
(/usr/local/texlive/2021/texmf-dist/tex/generic/xkeyval/xkvutils.tex
(/usr/local/texlive/2021/texmf-dist/tex/generic/xkeyval/keyval.tex)))))
(/usr/local/texlive/2021/texmf-dist/tex/latex/graphics/color.sty
(/usr/local/texlive/2021/texmf-dist/tex/latex/graphics-cfg/color.cfg)
(/usr/local/texlive/2021/texmf-dist/tex/latex/graphics-def/pdftex.def))
(/usr/local/texlive/2021/texmf-dist/tex/latex/hyperref/hyperref.sty
(/usr/local/texlive/2021/texmf-dist/tex/generic/ltxcmds/ltxcmds.sty)
(/usr/local/texlive/2021/texmf-dist/tex/generic/iftex/iftex.sty)
(/usr/local/texlive/2021/texmf-dist/tex/generic/pdftexcmds/pdftexcmds.sty
(/usr/local/texlive/2021/texmf-dist/tex/generic/infwarerr/infwarerr.sty))
(/usr/local/texlive/2021/texmf-dist/tex/generic/kvsetkeys/kvsetkeys.sty)
(/usr/local/texlive/2021/texmf-dist/tex/generic/kvdefinekeys/kvdefinekeys.sty)
(/usr/local/texlive/2021/texmf-dist/tex/generic/pdfescape/pdfescape.sty)
(/usr/local/texlive/2021/texmf-dist/tex/latex/hycolor/hycolor.sty)
(/usr/local/texlive/2021/texmf-dist/tex/latex/letltxmacro/letltxmacro.sty)
(/usr/local/texlive/2021/texmf-dist/tex/latex/auxhook/auxhook.sty)
(/usr/local/texlive/2021/texmf-dist/tex/latex/kvoptions/kvoptions.sty)
(/usr/local/texlive/2021/texmf-dist/tex/latex/hyperref/pd1enc.def)
(/usr/local/texlive/2021/texmf-dist/tex/latex/hyperref/hyperref-langpatches.def
) (/usr/local/texlive/2021/texmf-dist/tex/generic/intcalc/intcalc.sty)
(/usr/local/texlive/2021/texmf-dist/tex/generic/etexcmds/etexcmds.sty)
(/usr/local/texlive/2021/texmf-dist/tex/latex/hyperref/puenc.def)
(/usr/local/texlive/2021/texmf-dist/tex/generic/bitset/bitset.sty
(/usr/local/texlive/2021/texmf-dist/tex/generic/bigintcalc/bigintcalc.sty))
(/usr/local/texlive/2021/texmf-dist/tex/latex/base/atbegshi-ltx.sty))
(/usr/local/texlive/2021/texmf-dist/tex/latex/hyperref/hpdftex.def
(/usr/local/texlive/2021/texmf-dist/tex/latex/base/atveryend-ltx.sty)
(/usr/local/texlive/2021/texmf-dist/tex/latex/rerunfilecheck/rerunfilecheck.sty

(/usr/local/texlive/2021/texmf-dist/tex/generic/uniquecounter/uniquecounter.sty
)))

Package hyperref Warning: Option `hyperindex' has already been used,
(hyperref)                setting the option has no effect on input line 377.


Package hyperref Warning: Option `pagebackref' has already been used,
(hyperref)                setting the option has no effect on input line 377.

) (/usr/local/texlive/2021/texmf-dist/tex/latex/base/makeidx.sty)
(/usr/local/texlive/2021/texmf-dist/tex/latex/base/inputenc.sty
(/usr/local/texlive/2021/texmf-dist/tex/latex/base/latin1.def))
Writing index file Rd2.idx
(/usr/local/texlive/2021/texmf-dist/tex/latex/psnfss/t1ptm.fd)
(/usr/local/texlive/2021/texmf-dist/tex/latex/l3backend/l3backend-pdftex.def)
(/private/var/folders/cq/fk3c47nj197_jj9rbjhw1b7m0000gp/T/RtmpbcFRgJ/Rd2pdf6459
7120533d/Rd2.aux)
(/usr/local/texlive/2021/texmf-dist/tex/context/base/mkii/supp-pdf.mkii
[Loading MPS to PDF converter (version 2006.09.02).]
) (/usr/local/texlive/2021/texmf-dist/tex/latex/hyperref/nameref.sty
(/usr/local/texlive/2021/texmf-dist/tex/latex/refcount/refcount.sty)
(/usr/local/texlive/2021/texmf-dist/tex/generic/gettitlestring/gettitlestring.s
ty))
(/private/var/folders/cq/fk3c47nj197_jj9rbjhw1b7m0000gp/T/RtmpbcFRgJ/Rd2pdf6459
7120533d/Rd2.out)
(/private/var/folders/cq/fk3c47nj197_jj9rbjhw1b7m0000gp/T/RtmpbcFRgJ/Rd2pdf6459
7120533d/Rd2.out)
(/usr/local/texlive/2021/texmf-dist/tex/latex/inconsolata/t1zi4.fd)
(/usr/local/texlive/2021/texmf-dist/tex/latex/psnfss/ts1ptm.fd)
(/usr/local/texlive/2021/texmf-dist/tex/latex/psnfss/t1phv.fd)
(/private/var/folders/cq/fk3c47nj197_jj9rbjhw1b7m0000gp/T/RtmpbcFRgJ/Rd2pdf6459
7120533d/Rd2.toc [1{/usr/local/texlive/2021/texmf-var/fonts/map/pdftex/updmap/p
dftex.map}]) (/usr/local/texlive/2021/texmf-dist/tex/latex/base/utf8.def)
[2] [3] [4] (/usr/local/texlive/2021/texmf-dist/tex/latex/inconsolata/ts1zi4.fd
)
Overfull \hbox (45.30757pt too wide) in paragraph at lines 213--213
 []  \T1/zi4/m/n/10 geno_obj <-  ReadMarker(filename=\TS1/zi4/m/n/10 '\T1/zi4/m
/n/10 geno.txt\TS1/zi4/m/n/10 '\T1/zi4/m/n/10 , AA=0, AB=1, BB=2, type="text", 
missing=\TS1/zi4/m/n/10 '\T1/zi4/m/n/10 X\TS1/zi4/m/n/10 '\T1/zi4/m/n/10 )[] 

Overfull \hbox (121.94698pt too wide) in paragraph at lines 217--217
 [] \T1/zi4/m/n/10 # since lambda is not specified, this will run AM conservati
vely (where the false positive rate is lowest).[] 

Overfull \hbox (15.3178pt too wide) in paragraph at lines 252--252
 []  \T1/zi4/m/n/10 geno_obj <-  ReadMarker(filename=\TS1/zi4/m/n/10 '\T1/zi4/m
/n/10 /my/dir/geno.ped\TS1/zi4/m/n/10 '\T1/zi4/m/n/10 , type=\TS1/zi4/m/n/10 '\
T1/zi4/m/n/10 PLINK\TS1/zi4/m/n/10 '\T1/zi4/m/n/10 , availmemGb=32)[] 

Overfull \hbox (40.28712pt too wide) in paragraph at lines 258--258
 []  \T1/zi4/m/n/10 # FPR4AM calculates the lambda value corresponding to a des
ired false positive rate of 5%[] 

Overfull \hbox (80.29735pt too wide) in paragraph at lines 259--259
 []  \T1/zi4/m/n/10 ans <- FPR4AM(falseposrate=0.05, numreps=200, trait=\TS1/zi
4/m/n/10 '\T1/zi4/m/n/10 y2\TS1/zi4/m/n/10 '\T1/zi4/m/n/10 , fformula=c(\TS1/zi
4/m/n/10 '\T1/zi4/m/n/10 cov1 + cov2 + pc1 + pc2\TS1/zi4/m/n/10 '\T1/zi4/m/n/10
 ),[] 
[5]
Overfull \hbox (15.3178pt too wide) in paragraph at lines 301--301
 []  \T1/zi4/m/n/10 geno_obj <-  ReadMarker(filename=\TS1/zi4/m/n/10 '\T1/zi4/m
/n/10 /my/dir/geno.ped\TS1/zi4/m/n/10 '\T1/zi4/m/n/10 , type=\TS1/zi4/m/n/10 '\
T1/zi4/m/n/10 PLINK\TS1/zi4/m/n/10 '\T1/zi4/m/n/10 , availmemGb=32)[] 
[6]
Overfull \hbox (3.72261pt too wide) in paragraph at lines 384--384
 []  \T1/zi4/m/n/9 # Since the following code takes longer than 5 seconds to ru
n, it has been tagged as dontrun.[] 

Overfull \hbox (2.21954pt too wide) in paragraph at lines 404--404
 []  \T1/zi4/m/n/9 # and setting the available memory on the machine for the re
ading of the data to 8  gigabytes[] 
[7]
Overfull \hbox (30.77782pt too wide) in paragraph at lines 422--422
 [] \T1/zi4/m/n/9 #~~~~~~~~~~~~~~~~~~~~~~~~~~~~~~~~~~~~~~~~~~~~~~~~~~~~~~~~~~~~
~~~~~~~~~~~~~~~~~~~~~~~~~~~~~~~~~[] 
[8]
Overfull \hbox (3.72261pt too wide) in paragraph at lines 526--526
 []  \T1/zi4/m/n/9 # Since the following code takes longer than 5 seconds to ru
n, it has been tagged as dontrun.[] 
[9]
Overfull \hbox (2.21954pt too wide) in paragraph at lines 546--546
 []  \T1/zi4/m/n/9 # and setting the available memory on the machine for the re
ading of the data to 8  gigabytes[] 

Overfull \hbox (30.77782pt too wide) in paragraph at lines 562--562
 [] \T1/zi4/m/n/9 #~~~~~~~~~~~~~~~~~~~~~~~~~~~~~~~~~~~~~~~~~~~~~~~~~~~~~~~~~~~~
~~~~~~~~~~~~~~~~~~~~~~~~~~~~~~~~~[] 

Underfull \vbox (badness 10000) has occurred while \output is active [10]
[11]
Overfull \hbox (3.72261pt too wide) in paragraph at lines 681--681
 []  \T1/zi4/m/n/9 # Since the following code takes longer than 5 seconds to ru
n, it has been tagged as dontrun.[] 
[12] [13] [14] [15]
Overfull \hbox (70.3178pt too wide) in paragraph at lines 903--903
 []\T1/zi4/m/n/10 geno_obj <- ReadMarker(filename=\TS1/zi4/m/n/10 '\T1/zi4/m/n/
10 /my/dir/geno.txt\TS1/zi4/m/n/10 '\T1/zi4/m/n/10 , AA=0, AB=1, BB=2, type=\TS
1/zi4/m/n/10 '\T1/zi4/m/n/10 text\TS1/zi4/m/n/10 '\T1/zi4/m/n/10 , missing=99) 


Underfull \vbox (badness 10000) has occurred while \output is active [16]
Overfull \hbox (9.75328pt too wide) in paragraph at lines 1022--1022
 []  \T1/zi4/m/n/9 geno_obj <- ReadMarker(filename=complete.name, type=\TS1/zi4
/m/n/9 '\T1/zi4/m/n/9 text\TS1/zi4/m/n/9 '\T1/zi4/m/n/9 , AA=0, AB=1, BB=2, ava
ilmemGb=4)[] 
[17] [18] [19] [20] [21]
Overfull \hbox (3.72261pt too wide) in paragraph at lines 1278--1278
 []  \T1/zi4/m/n/9 # Since the following code takes longer than 5 seconds to ru
n, it has been tagged as dontrun.[] 
[22]
(/private/var/folders/cq/fk3c47nj197_jj9rbjhw1b7m0000gp/T/RtmpbcFRgJ/Rd2pdf6459
7120533d/Rd2.ind [23]

LaTeX Font Warning: Font shape `T1/zi4/m/it' undefined
(Font)              using `T1/zi4/m/n' instead on input line 12.

[24])
(/private/var/folders/cq/fk3c47nj197_jj9rbjhw1b7m0000gp/T/RtmpbcFRgJ/Rd2pdf6459
7120533d/Rd2.aux)

LaTeX Font Warning: Some font shapes were not available, defaults substituted.


Package rerunfilecheck Warning: File `Rd2.out' has changed.
(rerunfilecheck)                Rerun to get outlines right
(rerunfilecheck)                or use package `bookmark'.

 )
(see the transcript file for additional information)pdfTeX warning (dest): name
{Rfn.read.table} has been referenced but does not exist, replaced by a fixed on
e

{/usr/local/texlive/2021/texmf-dist/fonts/enc/dvips/inconsolata/i4-ts1.enc}{/us
r/local/texlive/2021/texmf-dist/fonts/enc/dvips/base/8r.enc}{/usr/local/texlive
/2021/texmf-dist/fonts/enc/dvips/inconsolata/i4-t1-0.enc}</usr/local/texlive/20
21/texmf-dist/fonts/type1/public/inconsolata/Inconsolata-zi4r.pfb></usr/local/t
exlive/2021/texmf-dist/fonts/type1/public/amsfonts/cm/cmmi10.pfb></usr/local/te
xlive/2021/texmf-dist/fonts/type1/public/amsfonts/cm/cmmi7.pfb></usr/local/texl
ive/2021/texmf-dist/fonts/type1/public/amsfonts/cm/cmr10.pfb></usr/local/texliv
e/2021/texmf-dist/fonts/type1/urw/helvetic/uhvr8a.pfb></usr/local/texlive/2021/
texmf-dist/fonts/type1/urw/times/utmb8a.pfb></usr/local/texlive/2021/texmf-dist
/fonts/type1/urw/times/utmr8a.pfb></usr/local/texlive/2021/texmf-dist/fonts/typ
e1/urw/times/utmr8a.pfb></usr/local/texlive/2021/texmf-dist/fonts/type1/urw/tim
es/utmri8a.pfb>
Output written on Rd2.pdf (24 pages, 162635 bytes).
Transcript written on Rd2.log.
This is makeindex, version 2.15 [TeX Live 2021] (kpathsea + Thai support).
Scanning input file Rd2.idx....done (58 entries accepted, 0 rejected).
Sorting entries....done (354 comparisons).
Generating output file Rd2.ind....done (59 lines written, 2 warnings).
Output written in Rd2.ind.
Transcript written in Rd2.ilg.
This is pdfTeX, Version 3.141592653-2.6-1.40.22 (TeX Live 2021) (preloaded format=pdflatex)
 restricted \write18 enabled.
entering extended mode
LaTeX2e <2020-10-01> patch level 4
L3 programming layer <2021-02-18>
(./Rd2.tex
(/usr/local/texlive/2021/texmf-dist/tex/latex/base/book.cls
Document Class: book 2020/04/10 v1.4m Standard LaTeX document class
(/usr/local/texlive/2021/texmf-dist/tex/latex/base/bk10.clo))
(/Library/Frameworks/R.framework/Resources/share/texmf/tex/latex/Rd.sty
(/usr/local/texlive/2021/texmf-dist/tex/latex/base/ifthen.sty)
(/usr/local/texlive/2021/texmf-dist/tex/latex/tools/longtable.sty)
(/usr/local/texlive/2021/texmf-dist/tex/latex/tools/bm.sty)
(/usr/local/texlive/2021/texmf-dist/tex/latex/base/alltt.sty)
(/usr/local/texlive/2021/texmf-dist/tex/latex/tools/verbatim.sty)
(/usr/local/texlive/2021/texmf-dist/tex/latex/url/url.sty)
(/usr/local/texlive/2021/texmf-dist/tex/latex/base/textcomp.sty)
(/usr/local/texlive/2021/texmf-dist/tex/latex/base/fontenc.sty)
(/usr/local/texlive/2021/texmf-dist/tex/latex/psnfss/times.sty)
(/usr/local/texlive/2021/texmf-dist/tex/latex/inconsolata/zi4.sty
`inconsolata-zi4' v1.12, 2019/05/17 Text macros for Inconsolata (msharpe)
(/usr/local/texlive/2021/texmf-dist/tex/latex/xkeyval/xkeyval.sty
(/usr/local/texlive/2021/texmf-dist/tex/generic/xkeyval/xkeyval.tex
(/usr/local/texlive/2021/texmf-dist/tex/generic/xkeyval/xkvutils.tex
(/usr/local/texlive/2021/texmf-dist/tex/generic/xkeyval/keyval.tex)))))
(/usr/local/texlive/2021/texmf-dist/tex/latex/graphics/color.sty
(/usr/local/texlive/2021/texmf-dist/tex/latex/graphics-cfg/color.cfg)
(/usr/local/texlive/2021/texmf-dist/tex/latex/graphics-def/pdftex.def))
(/usr/local/texlive/2021/texmf-dist/tex/latex/hyperref/hyperref.sty
(/usr/local/texlive/2021/texmf-dist/tex/generic/ltxcmds/ltxcmds.sty)
(/usr/local/texlive/2021/texmf-dist/tex/generic/iftex/iftex.sty)
(/usr/local/texlive/2021/texmf-dist/tex/generic/pdftexcmds/pdftexcmds.sty
(/usr/local/texlive/2021/texmf-dist/tex/generic/infwarerr/infwarerr.sty))
(/usr/local/texlive/2021/texmf-dist/tex/generic/kvsetkeys/kvsetkeys.sty)
(/usr/local/texlive/2021/texmf-dist/tex/generic/kvdefinekeys/kvdefinekeys.sty)
(/usr/local/texlive/2021/texmf-dist/tex/generic/pdfescape/pdfescape.sty)
(/usr/local/texlive/2021/texmf-dist/tex/latex/hycolor/hycolor.sty)
(/usr/local/texlive/2021/texmf-dist/tex/latex/letltxmacro/letltxmacro.sty)
(/usr/local/texlive/2021/texmf-dist/tex/latex/auxhook/auxhook.sty)
(/usr/local/texlive/2021/texmf-dist/tex/latex/kvoptions/kvoptions.sty)
(/usr/local/texlive/2021/texmf-dist/tex/latex/hyperref/pd1enc.def)
(/usr/local/texlive/2021/texmf-dist/tex/latex/hyperref/hyperref-langpatches.def
) (/usr/local/texlive/2021/texmf-dist/tex/generic/intcalc/intcalc.sty)
(/usr/local/texlive/2021/texmf-dist/tex/generic/etexcmds/etexcmds.sty)
(/usr/local/texlive/2021/texmf-dist/tex/latex/hyperref/puenc.def)
(/usr/local/texlive/2021/texmf-dist/tex/generic/bitset/bitset.sty
(/usr/local/texlive/2021/texmf-dist/tex/generic/bigintcalc/bigintcalc.sty))
(/usr/local/texlive/2021/texmf-dist/tex/latex/base/atbegshi-ltx.sty))
(/usr/local/texlive/2021/texmf-dist/tex/latex/hyperref/hpdftex.def
(/usr/local/texlive/2021/texmf-dist/tex/latex/base/atveryend-ltx.sty)
(/usr/local/texlive/2021/texmf-dist/tex/latex/rerunfilecheck/rerunfilecheck.sty

(/usr/local/texlive/2021/texmf-dist/tex/generic/uniquecounter/uniquecounter.sty
)))

Package hyperref Warning: Option `hyperindex' has already been used,
(hyperref)                setting the option has no effect on input line 377.


Package hyperref Warning: Option `pagebackref' has already been used,
(hyperref)                setting the option has no effect on input line 377.

) (/usr/local/texlive/2021/texmf-dist/tex/latex/base/makeidx.sty)
(/usr/local/texlive/2021/texmf-dist/tex/latex/base/inputenc.sty
(/usr/local/texlive/2021/texmf-dist/tex/latex/base/latin1.def))
Writing index file Rd2.idx
(/usr/local/texlive/2021/texmf-dist/tex/latex/psnfss/t1ptm.fd)
(/usr/local/texlive/2021/texmf-dist/tex/latex/l3backend/l3backend-pdftex.def)
(/private/var/folders/cq/fk3c47nj197_jj9rbjhw1b7m0000gp/T/RtmpbcFRgJ/Rd2pdf6459
7120533d/Rd2.aux)
(/usr/local/texlive/2021/texmf-dist/tex/context/base/mkii/supp-pdf.mkii
[Loading MPS to PDF converter (version 2006.09.02).]
) (/usr/local/texlive/2021/texmf-dist/tex/latex/hyperref/nameref.sty
(/usr/local/texlive/2021/texmf-dist/tex/latex/refcount/refcount.sty)
(/usr/local/texlive/2021/texmf-dist/tex/generic/gettitlestring/gettitlestring.s
ty))
(/private/var/folders/cq/fk3c47nj197_jj9rbjhw1b7m0000gp/T/RtmpbcFRgJ/Rd2pdf6459
7120533d/Rd2.out)
(/private/var/folders/cq/fk3c47nj197_jj9rbjhw1b7m0000gp/T/RtmpbcFRgJ/Rd2pdf6459
7120533d/Rd2.out)
(/usr/local/texlive/2021/texmf-dist/tex/latex/inconsolata/t1zi4.fd)
(/usr/local/texlive/2021/texmf-dist/tex/latex/psnfss/ts1ptm.fd)
(/usr/local/texlive/2021/texmf-dist/tex/latex/psnfss/t1phv.fd)
(/private/var/folders/cq/fk3c47nj197_jj9rbjhw1b7m0000gp/T/RtmpbcFRgJ/Rd2pdf6459
7120533d/Rd2.toc [1{/usr/local/texlive/2021/texmf-var/fonts/map/pdftex/updmap/p
dftex.map}]) (/usr/local/texlive/2021/texmf-dist/tex/latex/base/utf8.def)
[2] [3] [4] (/usr/local/texlive/2021/texmf-dist/tex/latex/inconsolata/ts1zi4.fd
)
Overfull \hbox (45.30757pt too wide) in paragraph at lines 213--213
 []  \T1/zi4/m/n/10 geno_obj <-  ReadMarker(filename=\TS1/zi4/m/n/10 '\T1/zi4/m
/n/10 geno.txt\TS1/zi4/m/n/10 '\T1/zi4/m/n/10 , AA=0, AB=1, BB=2, type="text", 
missing=\TS1/zi4/m/n/10 '\T1/zi4/m/n/10 X\TS1/zi4/m/n/10 '\T1/zi4/m/n/10 )[] 

Overfull \hbox (121.94698pt too wide) in paragraph at lines 217--217
 [] \T1/zi4/m/n/10 # since lambda is not specified, this will run AM conservati
vely (where the false positive rate is lowest).[] 

Overfull \hbox (15.3178pt too wide) in paragraph at lines 252--252
 []  \T1/zi4/m/n/10 geno_obj <-  ReadMarker(filename=\TS1/zi4/m/n/10 '\T1/zi4/m
/n/10 /my/dir/geno.ped\TS1/zi4/m/n/10 '\T1/zi4/m/n/10 , type=\TS1/zi4/m/n/10 '\
T1/zi4/m/n/10 PLINK\TS1/zi4/m/n/10 '\T1/zi4/m/n/10 , availmemGb=32)[] 

Overfull \hbox (40.28712pt too wide) in paragraph at lines 258--258
 []  \T1/zi4/m/n/10 # FPR4AM calculates the lambda value corresponding to a des
ired false positive rate of 5%[] 

Overfull \hbox (80.29735pt too wide) in paragraph at lines 259--259
 []  \T1/zi4/m/n/10 ans <- FPR4AM(falseposrate=0.05, numreps=200, trait=\TS1/zi
4/m/n/10 '\T1/zi4/m/n/10 y2\TS1/zi4/m/n/10 '\T1/zi4/m/n/10 , fformula=c(\TS1/zi
4/m/n/10 '\T1/zi4/m/n/10 cov1 + cov2 + pc1 + pc2\TS1/zi4/m/n/10 '\T1/zi4/m/n/10
 ),[] 
[5]
Overfull \hbox (15.3178pt too wide) in paragraph at lines 301--301
 []  \T1/zi4/m/n/10 geno_obj <-  ReadMarker(filename=\TS1/zi4/m/n/10 '\T1/zi4/m
/n/10 /my/dir/geno.ped\TS1/zi4/m/n/10 '\T1/zi4/m/n/10 , type=\TS1/zi4/m/n/10 '\
T1/zi4/m/n/10 PLINK\TS1/zi4/m/n/10 '\T1/zi4/m/n/10 , availmemGb=32)[] 
[6]
Overfull \hbox (3.72261pt too wide) in paragraph at lines 384--384
 []  \T1/zi4/m/n/9 # Since the following code takes longer than 5 seconds to ru
n, it has been tagged as dontrun.[] 

Overfull \hbox (2.21954pt too wide) in paragraph at lines 404--404
 []  \T1/zi4/m/n/9 # and setting the available memory on the machine for the re
ading of the data to 8  gigabytes[] 
[7]
Overfull \hbox (30.77782pt too wide) in paragraph at lines 422--422
 [] \T1/zi4/m/n/9 #~~~~~~~~~~~~~~~~~~~~~~~~~~~~~~~~~~~~~~~~~~~~~~~~~~~~~~~~~~~~
~~~~~~~~~~~~~~~~~~~~~~~~~~~~~~~~~[] 
[8]
Overfull \hbox (3.72261pt too wide) in paragraph at lines 526--526
 []  \T1/zi4/m/n/9 # Since the following code takes longer than 5 seconds to ru
n, it has been tagged as dontrun.[] 
[9]
Overfull \hbox (2.21954pt too wide) in paragraph at lines 546--546
 []  \T1/zi4/m/n/9 # and setting the available memory on the machine for the re
ading of the data to 8  gigabytes[] 

Overfull \hbox (30.77782pt too wide) in paragraph at lines 562--562
 [] \T1/zi4/m/n/9 #~~~~~~~~~~~~~~~~~~~~~~~~~~~~~~~~~~~~~~~~~~~~~~~~~~~~~~~~~~~~
~~~~~~~~~~~~~~~~~~~~~~~~~~~~~~~~~[] 

Underfull \vbox (badness 10000) has occurred while \output is active [10]
[11]
Overfull \hbox (3.72261pt too wide) in paragraph at lines 681--681
 []  \T1/zi4/m/n/9 # Since the following code takes longer than 5 seconds to ru
n, it has been tagged as dontrun.[] 
[12] [13] [14] [15]
Overfull \hbox (70.3178pt too wide) in paragraph at lines 903--903
 []\T1/zi4/m/n/10 geno_obj <- ReadMarker(filename=\TS1/zi4/m/n/10 '\T1/zi4/m/n/
10 /my/dir/geno.txt\TS1/zi4/m/n/10 '\T1/zi4/m/n/10 , AA=0, AB=1, BB=2, type=\TS
1/zi4/m/n/10 '\T1/zi4/m/n/10 text\TS1/zi4/m/n/10 '\T1/zi4/m/n/10 , missing=99) 


Underfull \vbox (badness 10000) has occurred while \output is active [16]
Overfull \hbox (9.75328pt too wide) in paragraph at lines 1022--1022
 []  \T1/zi4/m/n/9 geno_obj <- ReadMarker(filename=complete.name, type=\TS1/zi4
/m/n/9 '\T1/zi4/m/n/9 text\TS1/zi4/m/n/9 '\T1/zi4/m/n/9 , AA=0, AB=1, BB=2, ava
ilmemGb=4)[] 
[17] [18] [19] [20] [21]
Overfull \hbox (3.72261pt too wide) in paragraph at lines 1278--1278
 []  \T1/zi4/m/n/9 # Since the following code takes longer than 5 seconds to ru
n, it has been tagged as dontrun.[] 
[22]
(/private/var/folders/cq/fk3c47nj197_jj9rbjhw1b7m0000gp/T/RtmpbcFRgJ/Rd2pdf6459
7120533d/Rd2.ind [23]

LaTeX Font Warning: Font shape `T1/zi4/m/it' undefined
(Font)              using `T1/zi4/m/n' instead on input line 12.

[24])
(/private/var/folders/cq/fk3c47nj197_jj9rbjhw1b7m0000gp/T/RtmpbcFRgJ/Rd2pdf6459
7120533d/Rd2.aux)

LaTeX Font Warning: Some font shapes were not available, defaults substituted.

 )
(see the transcript file for additional information)pdfTeX warning (dest): name
{Rfn.read.table} has been referenced but does not exist, replaced by a fixed on
e

{/usr/local/texlive/2021/texmf-dist/fonts/enc/dvips/inconsolata/i4-ts1.enc}{/us
r/local/texlive/2021/texmf-dist/fonts/enc/dvips/base/8r.enc}{/usr/local/texlive
/2021/texmf-dist/fonts/enc/dvips/inconsolata/i4-t1-0.enc}</usr/local/texlive/20
21/texmf-dist/fonts/type1/public/inconsolata/Inconsolata-zi4r.pfb></usr/local/t
exlive/2021/texmf-dist/fonts/type1/public/amsfonts/cm/cmmi10.pfb></usr/local/te
xlive/2021/texmf-dist/fonts/type1/public/amsfonts/cm/cmmi7.pfb></usr/local/texl
ive/2021/texmf-dist/fonts/type1/public/amsfonts/cm/cmr10.pfb></usr/local/texliv
e/2021/texmf-dist/fonts/type1/urw/helvetic/uhvr8a.pfb></usr/local/texlive/2021/
texmf-dist/fonts/type1/urw/times/utmb8a.pfb></usr/local/texlive/2021/texmf-dist
/fonts/type1/urw/times/utmr8a.pfb></usr/local/texlive/2021/texmf-dist/fonts/typ
e1/urw/times/utmr8a.pfb></usr/local/texlive/2021/texmf-dist/fonts/type1/urw/tim
es/utmri8a.pfb>
Output written on Rd2.pdf (24 pages, 163095 bytes).
Transcript written on Rd2.log.
This is makeindex, version 2.15 [TeX Live 2021] (kpathsea + Thai support).
Scanning input file Rd2.idx....done (58 entries accepted, 0 rejected).
Sorting entries....done (355 comparisons).
Generating output file Rd2.ind....done (58 lines written, 2 warnings).
Output written in Rd2.ind.
Transcript written in Rd2.ilg.
This is pdfTeX, Version 3.141592653-2.6-1.40.22 (TeX Live 2021) (preloaded format=pdflatex)
 restricted \write18 enabled.
entering extended mode
LaTeX2e <2020-10-01> patch level 4
L3 programming layer <2021-02-18>
(./Rd2.tex
(/usr/local/texlive/2021/texmf-dist/tex/latex/base/book.cls
Document Class: book 2020/04/10 v1.4m Standard LaTeX document class
(/usr/local/texlive/2021/texmf-dist/tex/latex/base/bk10.clo))
(/Library/Frameworks/R.framework/Resources/share/texmf/tex/latex/Rd.sty
(/usr/local/texlive/2021/texmf-dist/tex/latex/base/ifthen.sty)
(/usr/local/texlive/2021/texmf-dist/tex/latex/tools/longtable.sty)
(/usr/local/texlive/2021/texmf-dist/tex/latex/tools/bm.sty)
(/usr/local/texlive/2021/texmf-dist/tex/latex/base/alltt.sty)
(/usr/local/texlive/2021/texmf-dist/tex/latex/tools/verbatim.sty)
(/usr/local/texlive/2021/texmf-dist/tex/latex/url/url.sty)
(/usr/local/texlive/2021/texmf-dist/tex/latex/base/textcomp.sty)
(/usr/local/texlive/2021/texmf-dist/tex/latex/base/fontenc.sty)
(/usr/local/texlive/2021/texmf-dist/tex/latex/psnfss/times.sty)
(/usr/local/texlive/2021/texmf-dist/tex/latex/inconsolata/zi4.sty
`inconsolata-zi4' v1.12, 2019/05/17 Text macros for Inconsolata (msharpe)
(/usr/local/texlive/2021/texmf-dist/tex/latex/xkeyval/xkeyval.sty
(/usr/local/texlive/2021/texmf-dist/tex/generic/xkeyval/xkeyval.tex
(/usr/local/texlive/2021/texmf-dist/tex/generic/xkeyval/xkvutils.tex
(/usr/local/texlive/2021/texmf-dist/tex/generic/xkeyval/keyval.tex)))))
(/usr/local/texlive/2021/texmf-dist/tex/latex/graphics/color.sty
(/usr/local/texlive/2021/texmf-dist/tex/latex/graphics-cfg/color.cfg)
(/usr/local/texlive/2021/texmf-dist/tex/latex/graphics-def/pdftex.def))
(/usr/local/texlive/2021/texmf-dist/tex/latex/hyperref/hyperref.sty
(/usr/local/texlive/2021/texmf-dist/tex/generic/ltxcmds/ltxcmds.sty)
(/usr/local/texlive/2021/texmf-dist/tex/generic/iftex/iftex.sty)
(/usr/local/texlive/2021/texmf-dist/tex/generic/pdftexcmds/pdftexcmds.sty
(/usr/local/texlive/2021/texmf-dist/tex/generic/infwarerr/infwarerr.sty))
(/usr/local/texlive/2021/texmf-dist/tex/generic/kvsetkeys/kvsetkeys.sty)
(/usr/local/texlive/2021/texmf-dist/tex/generic/kvdefinekeys/kvdefinekeys.sty)
(/usr/local/texlive/2021/texmf-dist/tex/generic/pdfescape/pdfescape.sty)
(/usr/local/texlive/2021/texmf-dist/tex/latex/hycolor/hycolor.sty)
(/usr/local/texlive/2021/texmf-dist/tex/latex/letltxmacro/letltxmacro.sty)
(/usr/local/texlive/2021/texmf-dist/tex/latex/auxhook/auxhook.sty)
(/usr/local/texlive/2021/texmf-dist/tex/latex/kvoptions/kvoptions.sty)
(/usr/local/texlive/2021/texmf-dist/tex/latex/hyperref/pd1enc.def)
(/usr/local/texlive/2021/texmf-dist/tex/latex/hyperref/hyperref-langpatches.def
) (/usr/local/texlive/2021/texmf-dist/tex/generic/intcalc/intcalc.sty)
(/usr/local/texlive/2021/texmf-dist/tex/generic/etexcmds/etexcmds.sty)
(/usr/local/texlive/2021/texmf-dist/tex/latex/hyperref/puenc.def)
(/usr/local/texlive/2021/texmf-dist/tex/generic/bitset/bitset.sty
(/usr/local/texlive/2021/texmf-dist/tex/generic/bigintcalc/bigintcalc.sty))
(/usr/local/texlive/2021/texmf-dist/tex/latex/base/atbegshi-ltx.sty))
(/usr/local/texlive/2021/texmf-dist/tex/latex/hyperref/hpdftex.def
(/usr/local/texlive/2021/texmf-dist/tex/latex/base/atveryend-ltx.sty)
(/usr/local/texlive/2021/texmf-dist/tex/latex/rerunfilecheck/rerunfilecheck.sty

(/usr/local/texlive/2021/texmf-dist/tex/generic/uniquecounter/uniquecounter.sty
)))

Package hyperref Warning: Option `hyperindex' has already been used,
(hyperref)                setting the option has no effect on input line 377.


Package hyperref Warning: Option `pagebackref' has already been used,
(hyperref)                setting the option has no effect on input line 377.

) (/usr/local/texlive/2021/texmf-dist/tex/latex/base/makeidx.sty)
(/usr/local/texlive/2021/texmf-dist/tex/latex/base/inputenc.sty
(/usr/local/texlive/2021/texmf-dist/tex/latex/base/latin1.def))
Writing index file Rd2.idx
(/usr/local/texlive/2021/texmf-dist/tex/latex/psnfss/t1ptm.fd)
(/usr/local/texlive/2021/texmf-dist/tex/latex/l3backend/l3backend-pdftex.def)
(/private/var/folders/cq/fk3c47nj197_jj9rbjhw1b7m0000gp/T/RtmpbcFRgJ/Rd2pdf6459
7120533d/Rd2.aux)
(/usr/local/texlive/2021/texmf-dist/tex/context/base/mkii/supp-pdf.mkii
[Loading MPS to PDF converter (version 2006.09.02).]
) (/usr/local/texlive/2021/texmf-dist/tex/latex/hyperref/nameref.sty
(/usr/local/texlive/2021/texmf-dist/tex/latex/refcount/refcount.sty)
(/usr/local/texlive/2021/texmf-dist/tex/generic/gettitlestring/gettitlestring.s
ty))
(/private/var/folders/cq/fk3c47nj197_jj9rbjhw1b7m0000gp/T/RtmpbcFRgJ/Rd2pdf6459
7120533d/Rd2.out)
(/private/var/folders/cq/fk3c47nj197_jj9rbjhw1b7m0000gp/T/RtmpbcFRgJ/Rd2pdf6459
7120533d/Rd2.out)
(/usr/local/texlive/2021/texmf-dist/tex/latex/inconsolata/t1zi4.fd)
(/usr/local/texlive/2021/texmf-dist/tex/latex/psnfss/ts1ptm.fd)
(/usr/local/texlive/2021/texmf-dist/tex/latex/psnfss/t1phv.fd)
(/private/var/folders/cq/fk3c47nj197_jj9rbjhw1b7m0000gp/T/RtmpbcFRgJ/Rd2pdf6459
7120533d/Rd2.toc [1{/usr/local/texlive/2021/texmf-var/fonts/map/pdftex/updmap/p
dftex.map}]) (/usr/local/texlive/2021/texmf-dist/tex/latex/base/utf8.def)
[2] [3] [4] (/usr/local/texlive/2021/texmf-dist/tex/latex/inconsolata/ts1zi4.fd
)
Overfull \hbox (45.30757pt too wide) in paragraph at lines 213--213
 []  \T1/zi4/m/n/10 geno_obj <-  ReadMarker(filename=\TS1/zi4/m/n/10 '\T1/zi4/m
/n/10 geno.txt\TS1/zi4/m/n/10 '\T1/zi4/m/n/10 , AA=0, AB=1, BB=2, type="text", 
missing=\TS1/zi4/m/n/10 '\T1/zi4/m/n/10 X\TS1/zi4/m/n/10 '\T1/zi4/m/n/10 )[] 

Overfull \hbox (121.94698pt too wide) in paragraph at lines 217--217
 [] \T1/zi4/m/n/10 # since lambda is not specified, this will run AM conservati
vely (where the false positive rate is lowest).[] 

Overfull \hbox (15.3178pt too wide) in paragraph at lines 252--252
 []  \T1/zi4/m/n/10 geno_obj <-  ReadMarker(filename=\TS1/zi4/m/n/10 '\T1/zi4/m
/n/10 /my/dir/geno.ped\TS1/zi4/m/n/10 '\T1/zi4/m/n/10 , type=\TS1/zi4/m/n/10 '\
T1/zi4/m/n/10 PLINK\TS1/zi4/m/n/10 '\T1/zi4/m/n/10 , availmemGb=32)[] 

Overfull \hbox (40.28712pt too wide) in paragraph at lines 258--258
 []  \T1/zi4/m/n/10 # FPR4AM calculates the lambda value corresponding to a des
ired false positive rate of 5%[] 

Overfull \hbox (80.29735pt too wide) in paragraph at lines 259--259
 []  \T1/zi4/m/n/10 ans <- FPR4AM(falseposrate=0.05, numreps=200, trait=\TS1/zi
4/m/n/10 '\T1/zi4/m/n/10 y2\TS1/zi4/m/n/10 '\T1/zi4/m/n/10 , fformula=c(\TS1/zi
4/m/n/10 '\T1/zi4/m/n/10 cov1 + cov2 + pc1 + pc2\TS1/zi4/m/n/10 '\T1/zi4/m/n/10
 ),[] 
[5]
Overfull \hbox (15.3178pt too wide) in paragraph at lines 301--301
 []  \T1/zi4/m/n/10 geno_obj <-  ReadMarker(filename=\TS1/zi4/m/n/10 '\T1/zi4/m
/n/10 /my/dir/geno.ped\TS1/zi4/m/n/10 '\T1/zi4/m/n/10 , type=\TS1/zi4/m/n/10 '\
T1/zi4/m/n/10 PLINK\TS1/zi4/m/n/10 '\T1/zi4/m/n/10 , availmemGb=32)[] 
[6]
Overfull \hbox (3.72261pt too wide) in paragraph at lines 384--384
 []  \T1/zi4/m/n/9 # Since the following code takes longer than 5 seconds to ru
n, it has been tagged as dontrun.[] 

Overfull \hbox (2.21954pt too wide) in paragraph at lines 404--404
 []  \T1/zi4/m/n/9 # and setting the available memory on the machine for the re
ading of the data to 8  gigabytes[] 
[7]
Overfull \hbox (30.77782pt too wide) in paragraph at lines 422--422
 [] \T1/zi4/m/n/9 #~~~~~~~~~~~~~~~~~~~~~~~~~~~~~~~~~~~~~~~~~~~~~~~~~~~~~~~~~~~~
~~~~~~~~~~~~~~~~~~~~~~~~~~~~~~~~~[] 
[8]
Overfull \hbox (3.72261pt too wide) in paragraph at lines 526--526
 []  \T1/zi4/m/n/9 # Since the following code takes longer than 5 seconds to ru
n, it has been tagged as dontrun.[] 
[9]
Overfull \hbox (2.21954pt too wide) in paragraph at lines 546--546
 []  \T1/zi4/m/n/9 # and setting the available memory on the machine for the re
ading of the data to 8  gigabytes[] 

Overfull \hbox (30.77782pt too wide) in paragraph at lines 562--562
 [] \T1/zi4/m/n/9 #~~~~~~~~~~~~~~~~~~~~~~~~~~~~~~~~~~~~~~~~~~~~~~~~~~~~~~~~~~~~
~~~~~~~~~~~~~~~~~~~~~~~~~~~~~~~~~[] 

Underfull \vbox (badness 10000) has occurred while \output is active [10]
[11]
Overfull \hbox (3.72261pt too wide) in paragraph at lines 681--681
 []  \T1/zi4/m/n/9 # Since the following code takes longer than 5 seconds to ru
n, it has been tagged as dontrun.[] 
[12] [13] [14] [15]
Overfull \hbox (70.3178pt too wide) in paragraph at lines 903--903
 []\T1/zi4/m/n/10 geno_obj <- ReadMarker(filename=\TS1/zi4/m/n/10 '\T1/zi4/m/n/
10 /my/dir/geno.txt\TS1/zi4/m/n/10 '\T1/zi4/m/n/10 , AA=0, AB=1, BB=2, type=\TS
1/zi4/m/n/10 '\T1/zi4/m/n/10 text\TS1/zi4/m/n/10 '\T1/zi4/m/n/10 , missing=99) 


Underfull \vbox (badness 10000) has occurred while \output is active [16]
Overfull \hbox (9.75328pt too wide) in paragraph at lines 1022--1022
 []  \T1/zi4/m/n/9 geno_obj <- ReadMarker(filename=complete.name, type=\TS1/zi4
/m/n/9 '\T1/zi4/m/n/9 text\TS1/zi4/m/n/9 '\T1/zi4/m/n/9 , AA=0, AB=1, BB=2, ava
ilmemGb=4)[] 
[17] [18] [19] [20] [21]
Overfull \hbox (3.72261pt too wide) in paragraph at lines 1278--1278
 []  \T1/zi4/m/n/9 # Since the following code takes longer than 5 seconds to ru
n, it has been tagged as dontrun.[] 
[22]
(/private/var/folders/cq/fk3c47nj197_jj9rbjhw1b7m0000gp/T/RtmpbcFRgJ/Rd2pdf6459
7120533d/Rd2.ind [23]

LaTeX Font Warning: Font shape `T1/zi4/m/it' undefined
(Font)              using `T1/zi4/m/n' instead on input line 12.

[24])
(/private/var/folders/cq/fk3c47nj197_jj9rbjhw1b7m0000gp/T/RtmpbcFRgJ/Rd2pdf6459
7120533d/Rd2.aux)

LaTeX Font Warning: Some font shapes were not available, defaults substituted.

 )
(see the transcript file for additional information)pdfTeX warning (dest): name
{Rfn.read.table} has been referenced but does not exist, replaced by a fixed on
e

{/usr/local/texlive/2021/texmf-dist/fonts/enc/dvips/inconsolata/i4-ts1.enc}{/us
r/local/texlive/2021/texmf-dist/fonts/enc/dvips/base/8r.enc}{/usr/local/texlive
/2021/texmf-dist/fonts/enc/dvips/inconsolata/i4-t1-0.enc}</usr/local/texlive/20
21/texmf-dist/fonts/type1/public/inconsolata/Inconsolata-zi4r.pfb></usr/local/t
exlive/2021/texmf-dist/fonts/type1/public/amsfonts/cm/cmmi10.pfb></usr/local/te
xlive/2021/texmf-dist/fonts/type1/public/amsfonts/cm/cmmi7.pfb></usr/local/texl
ive/2021/texmf-dist/fonts/type1/public/amsfonts/cm/cmr10.pfb></usr/local/texliv
e/2021/texmf-dist/fonts/type1/urw/helvetic/uhvr8a.pfb></usr/local/texlive/2021/
texmf-dist/fonts/type1/urw/times/utmb8a.pfb></usr/local/texlive/2021/texmf-dist
/fonts/type1/urw/times/utmr8a.pfb></usr/local/texlive/2021/texmf-dist/fonts/typ
e1/urw/times/utmr8a.pfb></usr/local/texlive/2021/texmf-dist/fonts/type1/urw/tim
es/utmri8a.pfb>
Output written on Rd2.pdf (24 pages, 163086 bytes).
Transcript written on Rd2.log.
Saving output to Eagle-manual.pdf ...
Done
You may want to clean up by 'rm -Rf /var/folders/cq/fk3c47nj197_jj9rbjhw1b7m0000gp/T//RtmpbcFRgJ/Rd2pdf64597120533d'
